<?xml version="1.0" encoding="UTF-8"?>
<!-- Generated by org.testng.reporters.JUnitReportReporter -->
<testsuite hostname="alok-PC" name="com.orangehrm.testsuite.TakeScreenShot" tests="1" failures="0" timestamp="11 Dec 2015 07:17:52 GMT" time="4.597" errors="0">
  <testcase name="screenShotTest" time="4.597" classname="com.orangehrm.testsuite.TakeScreenShot"/>
</testsuite> <!-- com.orangehrm.testsuite.TakeScreenShot -->
