<?xml version="1.0" encoding="UTF-8"?>
<!-- Generated by org.testng.reporters.JUnitReportReporter -->
<testsuite hostname="alok-PC" name="com.orangehrm.testsuite.AddEmployee" tests="1" failures="0" timestamp="11 Dec 2015 07:17:52 GMT" time="63.014" errors="0">
  <testcase name="addEmployeeTest" time="63.014" classname="com.orangehrm.testsuite.AddEmployee"/>
</testsuite> <!-- com.orangehrm.testsuite.AddEmployee -->
