<?xml version="1.0" encoding="UTF-8"?>
<!-- Generated by org.testng.reporters.JUnitReportReporter -->
<testsuite hostname="alok-PC" name="com.orangehrm.testsuite.Login" tests="1" failures="0" timestamp="11 Dec 2015 07:17:52 GMT" time="23.186" errors="0">
  <testcase name="loginTest" time="23.186" classname="com.orangehrm.testsuite.Login"/>
</testsuite> <!-- com.orangehrm.testsuite.Login -->
