<?xml version="1.0" encoding="UTF-8"?>
<!-- Generated by org.testng.reporters.JUnitReportReporter -->
<testsuite hostname="alok-PC" name="com.orangehrm.extentreports_program.ExtentReport" tests="1" failures="0" timestamp="11 Dec 2015 03:36:15 GMT" time="19.674" errors="0">
  <testcase name="reportOnExtent" time="19.674" classname="com.orangehrm.extentreports_program.ExtentReport"/>
</testsuite> <!-- com.orangehrm.extentreports_program.ExtentReport -->
