<?xml version="1.0" encoding="UTF-8"?>
<!-- Generated by org.testng.reporters.JUnitReportReporter -->
<testsuite hostname="alok-PC" name="com.orangehrm.testsuite.Logout" tests="1" failures="0" timestamp="11 Dec 2015 07:17:52 GMT" time="3.481" errors="0">
  <testcase name="logout_Test" time="3.481" classname="com.orangehrm.testsuite.Logout"/>
</testsuite> <!-- com.orangehrm.testsuite.Logout -->
