<?xml version="1.0" encoding="UTF-8"?>
<!-- Generated by org.testng.reporters.JUnitReportReporter -->
<testsuite hostname="alok-PC" name="com.orangehrm.extentreports.ExtentReport" tests="1" failures="0" timestamp="10 Dec 2015 10:15:19 GMT" time="21.819" errors="0">
  <testcase name="reportOnExtent" time="21.819" classname="com.orangehrm.extentreports.ExtentReport"/>
</testsuite> <!-- com.orangehrm.extentreports.ExtentReport -->
